<?xml version="1.0" encoding="UTF-8"?>
<!-- Generated by org.testng.reporters.JUnitReportReporter -->
<testsuite skipped="0" hostname="LAPTOP-5SV0R4LA" name="scripts._09_IFrames" tests="2" failures="0" timestamp="2022-06-11T14:42:54 CDT" time="21.869" errors="0">
  <testcase name="testIFrame1" time="14.683" classname="scripts._09_IFrames"/>
  <system-out/>
  <testcase name="validateCells" time="7.186" classname="scripts._09_IFrames"/>
  <system-out/>
</testsuite> <!-- scripts._09_IFrames -->
