<?xml version="1.0" encoding="UTF-8"?>
<!-- Generated by org.testng.reporters.JUnitReportReporter -->
<testsuite skipped="0" hostname="LAPTOP-5SV0R4LA" name="scripts._06_RadioButtonTest" tests="1" failures="0" timestamp="2022-06-02T19:38:16 CDT" time="14.363" errors="0">
  <testcase name="testFacebookGenderRadioButtons" time="14.363" classname="scripts._06_RadioButtonTest"/>
  <system-out/>
</testsuite> <!-- scripts._06_RadioButtonTest -->
