<?xml version="1.0" encoding="UTF-8"?>
<!-- Generated by org.testng.reporters.JUnitReportReporter -->
<testsuite skipped="0" hostname="LAPTOP-5SV0R4LA" name="scripts._01_AppleTest" tests="1" failures="0" timestamp="2022-06-02T19:38:16 CDT" time="6.245" errors="0">
  <testcase name="testAppleURL" time="6.245" classname="scripts._01_AppleTest"/>
  <system-out/>
</testsuite> <!-- scripts._01_AppleTest -->
