<?xml version="1.0" encoding="UTF-8"?>
<!-- Generated by org.testng.reporters.JUnitReportReporter -->
<testsuite skipped="0" hostname="LAPTOP-5SV0R4LA" name="scripts._10_WindowHandles" tests="2" failures="0" timestamp="2022-06-11T14:42:54 CDT" time="13.444" errors="0">
  <testcase name="testTechGlobalSchoolFaceBookIcon" time="7.421" classname="scripts._10_WindowHandles"/>
  <system-out/>
  <testcase name="testWindowHandle2" time="6.023" classname="scripts._10_WindowHandles"/>
  <system-out/>
</testsuite> <!-- scripts._10_WindowHandles -->
