<?xml version="1.0" encoding="UTF-8"?>
<!-- Generated by org.testng.reporters.JUnitReportReporter -->
<testsuite skipped="0" hostname="LAPTOP-5SV0R4LA" name="scripts._02_TechGlobalTest" tests="1" failures="0" timestamp="2022-05-22T11:22:56 CDT" time="5.558" errors="0">
  <testcase name="testAplicationFromHeading" time="5.558" classname="scripts._02_TechGlobalTest"/>
  <system-out/>
</testsuite> <!-- scripts._02_TechGlobalTest -->
