<?xml version="1.0" encoding="UTF-8"?>
<!-- Generated by org.testng.reporters.JUnitReportReporter -->
<testsuite skipped="1" hostname="LAPTOP-5SV0R4LA" name="scripts._01_AppleTest" tests="3" failures="0" timestamp="2022-05-22T15:54:45 CDT" time="12.090" errors="0">
  <testcase name="testAppleTitle" time="6.455" classname="scripts._01_AppleTest"/>
  <system-out/>
  <testcase name="testAppleURL" time="5.635" classname="scripts._01_AppleTest"/>
  <system-out/>
  <testcase name="X" classname="scripts._01_AppleTest">
    <skipped/>
  </testcase> <!-- X -->
  <system-out/>
</testsuite> <!-- scripts._01_AppleTest -->
