<?xml version="1.0" encoding="UTF-8"?>
<!-- Generated by org.testng.reporters.JUnitReportReporter -->
<testsuite skipped="0" hostname="LAPTOP-5SV0R4LA" name="scripts._04_GoogleSearchTest" tests="1" failures="0" timestamp="2022-06-11T14:42:54 CDT" time="7.735" errors="0">
  <testcase name="testGoogleStoreLink" time="7.735" classname="scripts._04_GoogleSearchTest"/>
  <system-out/>
</testsuite> <!-- scripts._04_GoogleSearchTest -->
