<?xml version="1.0" encoding="UTF-8"?>
<!-- Generated by org.testng.reporters.JUnitReportReporter -->
<testsuite skipped="0" hostname="LAPTOP-5SV0R4LA" name="scripts._03_EtsyTest" tests="1" failures="0" timestamp="2022-05-22T11:22:56 CDT" time="6.841" errors="0">
  <testcase name="testEtsyLogo" time="6.841" classname="scripts._03_EtsyTest"/>
  <system-out/>
</testsuite> <!-- scripts._03_EtsyTest -->
