<?xml version="1.0" encoding="UTF-8"?>
<!-- Generated by org.testng.reporters.JUnitReportReporter -->
<testsuite skipped="0" hostname="LAPTOP-5SV0R4LA" name="scripts._03_EtsyTest" tests="3" failures="0" timestamp="2022-05-22T15:54:45 CDT" time="21.868" errors="0">
  <testcase name="testEtsyLogo" time="6.765" classname="scripts._03_EtsyTest"/>
  <system-out/>
  <testcase name="testEtsySearchResult" time="8.392" classname="scripts._03_EtsyTest"/>
  <system-out/>
  <testcase name="testEtsySearch" time="6.711" classname="scripts._03_EtsyTest"/>
  <system-out/>
</testsuite> <!-- scripts._03_EtsyTest -->
